2025-08-30 19:38:55,351 [32mINFO[0m Callback Server Starting
2025-08-30 19:38:55,351 [32mINFO[0m Socket listening on ('127.0.0.1', 36733)
2025-08-30 19:38:55,506 [32mINFO[0m Spark streaming started, awaiting termination...
2025-08-30 19:39:37,635 [32mINFO[0m Python Server ready to receive messages
2025-08-30 19:39:37,636 [32mINFO[0m Received command c on object id p0
2025-08-30 19:40:23,532 [32mINFO[0m Spark alert: {"window":{"start":"2025-08-30T19:29:30.000Z","end":"2025-08-30T19:30:30.000Z"},"t_avg":35.89448275862069,"h_avg":54.67068965517242,"code":"101","message":"It's too dry","timestamp":"2025-08-30 19:39:36.866000"}
2025-08-30 19:40:23,532 [32mINFO[0m Spark alert: {"window":{"start":"2025-08-30T19:29:30.000Z","end":"2025-08-30T19:30:30.000Z"},"t_avg":35.89448275862069,"h_avg":54.67068965517242,"code":"102","message":"It's too wet","timestamp":"2025-08-30 19:39:36.866000"}
2025-08-30 19:40:23,532 [32mINFO[0m Spark alert: {"window":{"start":"2025-08-30T19:29:30.000Z","end":"2025-08-30T19:30:30.000Z"},"t_avg":35.89448275862069,"h_avg":54.67068965517242,"code":"103","message":"It's too cold","timestamp":"2025-08-30 19:39:36.866000"}
2025-08-30 19:40:23,532 [32mINFO[0m Spark alert: {"window":{"start":"2025-08-30T19:29:30.000Z","end":"2025-08-30T19:30:30.000Z"},"t_avg":35.89448275862069,"h_avg":54.67068965517242,"code":"104","message":"It's too hot","timestamp":"2025-08-30 19:39:36.866000"}
2025-08-30 19:41:05,104 [32mINFO[0m Received command c on object id p0
2025-08-30 19:41:07,173 [32mINFO[0m Spark alert: {"window":{"start":"2025-08-30T19:34:30.000Z","end":"2025-08-30T19:35:30.000Z"},"t_avg":44.97,"h_avg":43.11,"code":"101","message":"It's too dry","timestamp":"2025-08-30 19:41:04.683000"}
2025-08-30 19:41:07,173 [32mINFO[0m Spark alert: {"window":{"start":"2025-08-30T19:34:30.000Z","end":"2025-08-30T19:35:30.000Z"},"t_avg":44.97,"h_avg":43.11,"code":"102","message":"It's too wet","timestamp":"2025-08-30 19:41:04.683000"}
2025-08-30 19:41:07,173 [32mINFO[0m Spark alert: {"window":{"start":"2025-08-30T19:34:30.000Z","end":"2025-08-30T19:35:30.000Z"},"t_avg":44.97,"h_avg":43.11,"code":"103","message":"It's too cold","timestamp":"2025-08-30 19:41:04.683000"}
2025-08-30 19:41:07,173 [32mINFO[0m Spark alert: {"window":{"start":"2025-08-30T19:30:30.000Z","end":"2025-08-30T19:31:30.000Z"},"t_avg":36.79333333333333,"h_avg":48.44,"code":"101","message":"It's too dry","timestamp":"2025-08-30 19:41:04.683000"}
2025-08-30 19:41:07,173 [32mINFO[0m Spark alert: {"window":{"start":"2025-08-30T19:30:30.000Z","end":"2025-08-30T19:31:30.000Z"},"t_avg":36.79333333333333,"h_avg":48.44,"code":"102","message":"It's too wet","timestamp":"2025-08-30 19:41:04.683000"}
2025-08-30 19:41:07,173 [32mINFO[0m Spark alert: {"window":{"start":"2025-08-30T19:30:30.000Z","end":"2025-08-30T19:31:30.000Z"},"t_avg":36.79333333333333,"h_avg":48.44,"code":"103","message":"It's too cold","timestamp":"2025-08-30 19:41:04.683000"}
2025-08-30 19:41:07,173 [32mINFO[0m Spark alert: {"window":{"start":"2025-08-30T19:30:30.000Z","end":"2025-08-30T19:31:30.000Z"},"t_avg":36.79333333333333,"h_avg":48.44,"code":"104","message":"It's too hot","timestamp":"2025-08-30 19:41:04.683000"}
2025-08-30 19:41:07,173 [32mINFO[0m Spark alert: {"window":{"start":"2025-08-30T19:33:30.000Z","end":"2025-08-30T19:34:30.000Z"},"t_avg":33.057500000000005,"h_avg":62.51625,"code":"101","message":"It's too dry","timestamp":"2025-08-30 19:41:04.683000"}
2025-08-30 19:41:07,173 [32mINFO[0m Spark alert: {"window":{"start":"2025-08-30T19:33:30.000Z","end":"2025-08-30T19:34:30.000Z"},"t_avg":33.057500000000005,"h_avg":62.51625,"code":"103","message":"It's too cold","timestamp":"2025-08-30 19:41:04.683000"}
2025-08-30 19:41:07,173 [32mINFO[0m Spark alert: {"window":{"start":"2025-08-30T19:33:30.000Z","end":"2025-08-30T19:34:30.000Z"},"t_avg":33.057500000000005,"h_avg":62.51625,"code":"104","message":"It's too hot","timestamp":"2025-08-30 19:41:04.683000"}
2025-08-30 19:41:07,173 [32mINFO[0m Spark alert: {"window":{"start":"2025-08-30T19:30:00.000Z","end":"2025-08-30T19:31:00.000Z"},"t_avg":38.60827586206897,"h_avg":53.27896551724138,"code":"101","message":"It's too dry","timestamp":"2025-08-30 19:41:04.683000"}
2025-08-30 19:41:07,173 [32mINFO[0m Spark alert: {"window":{"start":"2025-08-30T19:30:00.000Z","end":"2025-08-30T19:31:00.000Z"},"t_avg":38.60827586206897,"h_avg":53.27896551724138,"code":"102","message":"It's too wet","timestamp":"2025-08-30 19:41:04.683000"}
2025-08-30 19:41:07,173 [32mINFO[0m Spark alert: {"window":{"start":"2025-08-30T19:30:00.000Z","end":"2025-08-30T19:31:00.000Z"},"t_avg":38.60827586206897,"h_avg":53.27896551724138,"code":"103","message":"It's too cold","timestamp":"2025-08-30 19:41:04.683000"}
2025-08-30 19:41:07,173 [32mINFO[0m Spark alert: {"window":{"start":"2025-08-30T19:30:00.000Z","end":"2025-08-30T19:31:00.000Z"},"t_avg":38.60827586206897,"h_avg":53.27896551724138,"code":"104","message":"It's too hot","timestamp":"2025-08-30 19:41:04.683000"}
2025-08-30 19:41:07,173 [32mINFO[0m Spark alert: {"window":{"start":"2025-08-30T19:34:00.000Z","end":"2025-08-30T19:35:00.000Z"},"t_avg":34.38111111111111,"h_avg":60.36,"code":"101","message":"It's too dry","timestamp":"2025-08-30 19:41:04.683000"}
2025-08-30 19:41:07,173 [32mINFO[0m Spark alert: {"window":{"start":"2025-08-30T19:34:00.000Z","end":"2025-08-30T19:35:00.000Z"},"t_avg":34.38111111111111,"h_avg":60.36,"code":"103","message":"It's too cold","timestamp":"2025-08-30 19:41:04.683000"}
2025-08-30 19:41:07,173 [32mINFO[0m Spark alert: {"window":{"start":"2025-08-30T19:34:00.000Z","end":"2025-08-30T19:35:00.000Z"},"t_avg":34.38111111111111,"h_avg":60.36,"code":"104","message":"It's too hot","timestamp":"2025-08-30 19:41:04.683000"}
2025-08-30 19:41:07,173 [32mINFO[0m Spark alert: {"window":{"start":"2025-08-30T19:31:00.000Z","end":"2025-08-30T19:32:00.000Z"},"t_avg":34.45333333333333,"h_avg":51.14777777777778,"code":"101","message":"It's too dry","timestamp":"2025-08-30 19:41:04.683000"}
2025-08-30 19:41:07,173 [32mINFO[0m Spark alert: {"window":{"start":"2025-08-30T19:31:00.000Z","end":"2025-08-30T19:32:00.000Z"},"t_avg":34.45333333333333,"h_avg":51.14777777777778,"code":"102","message":"It's too wet","timestamp":"2025-08-30 19:41:04.683000"}
2025-08-30 19:41:07,174 [32mINFO[0m Spark alert: {"window":{"start":"2025-08-30T19:31:00.000Z","end":"2025-08-30T19:32:00.000Z"},"t_avg":34.45333333333333,"h_avg":51.14777777777778,"code":"103","message":"It's too cold","timestamp":"2025-08-30 19:41:04.683000"}
2025-08-30 19:41:07,174 [32mINFO[0m Spark alert: {"window":{"start":"2025-08-30T19:31:00.000Z","end":"2025-08-30T19:32:00.000Z"},"t_avg":34.45333333333333,"h_avg":51.14777777777778,"code":"104","message":"It's too hot","timestamp":"2025-08-30 19:41:04.683000"}
2025-08-30 19:41:30,544 [32mINFO[0m Received command c on object id p0
2025-08-30 19:41:34,466 [32mINFO[0m Spark alert: {"window":{"start":"2025-08-30T19:38:30.000Z","end":"2025-08-30T19:39:30.000Z"},"t_avg":37.14,"h_avg":50.706666666666656,"code":"101","message":"It's too dry","timestamp":"2025-08-30 19:41:30.138000"}
2025-08-30 19:41:34,466 [32mINFO[0m Spark alert: {"window":{"start":"2025-08-30T19:38:30.000Z","end":"2025-08-30T19:39:30.000Z"},"t_avg":37.14,"h_avg":50.706666666666656,"code":"102","message":"It's too wet","timestamp":"2025-08-30 19:41:30.138000"}
2025-08-30 19:41:34,466 [32mINFO[0m Spark alert: {"window":{"start":"2025-08-30T19:38:30.000Z","end":"2025-08-30T19:39:30.000Z"},"t_avg":37.14,"h_avg":50.706666666666656,"code":"103","message":"It's too cold","timestamp":"2025-08-30 19:41:30.138000"}
2025-08-30 19:41:34,466 [32mINFO[0m Spark alert: {"window":{"start":"2025-08-30T19:38:30.000Z","end":"2025-08-30T19:39:30.000Z"},"t_avg":37.14,"h_avg":50.706666666666656,"code":"104","message":"It's too hot","timestamp":"2025-08-30 19:41:30.138000"}
2025-08-30 19:41:34,466 [32mINFO[0m Spark alert: {"window":{"start":"2025-08-30T19:39:00.000Z","end":"2025-08-30T19:40:00.000Z"},"t_avg":37.52285714285714,"h_avg":50.36619047619048,"code":"101","message":"It's too dry","timestamp":"2025-08-30 19:41:30.138000"}
2025-08-30 19:41:34,466 [32mINFO[0m Spark alert: {"window":{"start":"2025-08-30T19:39:00.000Z","end":"2025-08-30T19:40:00.000Z"},"t_avg":37.52285714285714,"h_avg":50.36619047619048,"code":"102","message":"It's too wet","timestamp":"2025-08-30 19:41:30.138000"}
2025-08-30 19:41:34,466 [32mINFO[0m Spark alert: {"window":{"start":"2025-08-30T19:39:00.000Z","end":"2025-08-30T19:40:00.000Z"},"t_avg":37.52285714285714,"h_avg":50.36619047619048,"code":"103","message":"It's too cold","timestamp":"2025-08-30 19:41:30.138000"}
2025-08-30 19:41:34,466 [32mINFO[0m Spark alert: {"window":{"start":"2025-08-30T19:39:00.000Z","end":"2025-08-30T19:40:00.000Z"},"t_avg":37.52285714285714,"h_avg":50.36619047619048,"code":"104","message":"It's too hot","timestamp":"2025-08-30 19:41:30.138000"}
2025-08-30 19:41:34,466 [32mINFO[0m Spark alert: {"window":{"start":"2025-08-30T19:39:30.000Z","end":"2025-08-30T19:40:30.000Z"},"t_avg":36.29208333333333,"h_avg":48.75333333333334,"code":"101","message":"It's too dry","timestamp":"2025-08-30 19:41:30.138000"}
2025-08-30 19:41:34,466 [32mINFO[0m Spark alert: {"window":{"start":"2025-08-30T19:39:30.000Z","end":"2025-08-30T19:40:30.000Z"},"t_avg":36.29208333333333,"h_avg":48.75333333333334,"code":"102","message":"It's too wet","timestamp":"2025-08-30 19:41:30.138000"}
2025-08-30 19:41:34,466 [32mINFO[0m Spark alert: {"window":{"start":"2025-08-30T19:39:30.000Z","end":"2025-08-30T19:40:30.000Z"},"t_avg":36.29208333333333,"h_avg":48.75333333333334,"code":"103","message":"It's too cold","timestamp":"2025-08-30 19:41:30.138000"}
2025-08-30 19:41:34,466 [32mINFO[0m Spark alert: {"window":{"start":"2025-08-30T19:39:30.000Z","end":"2025-08-30T19:40:30.000Z"},"t_avg":36.29208333333333,"h_avg":48.75333333333334,"code":"104","message":"It's too hot","timestamp":"2025-08-30 19:41:30.138000"}
2025-08-30 19:42:00,492 [32mINFO[0m Received command c on object id p0
2025-08-30 19:42:03,483 [32mINFO[0m Spark alert: {"window":{"start":"2025-08-30T19:40:00.000Z","end":"2025-08-30T19:41:00.000Z"},"t_avg":34.82183333333333,"h_avg":47.36216666666667,"code":"101","message":"It's too dry","timestamp":"2025-08-30 19:42:00.140000"}
2025-08-30 19:42:03,483 [32mINFO[0m Spark alert: {"window":{"start":"2025-08-30T19:40:00.000Z","end":"2025-08-30T19:41:00.000Z"},"t_avg":34.82183333333333,"h_avg":47.36216666666667,"code":"102","message":"It's too wet","timestamp":"2025-08-30 19:42:00.140000"}
2025-08-30 19:42:03,483 [32mINFO[0m Spark alert: {"window":{"start":"2025-08-30T19:40:00.000Z","end":"2025-08-30T19:41:00.000Z"},"t_avg":34.82183333333333,"h_avg":47.36216666666667,"code":"103","message":"It's too cold","timestamp":"2025-08-30 19:42:00.140000"}
2025-08-30 19:42:03,483 [32mINFO[0m Spark alert: {"window":{"start":"2025-08-30T19:40:00.000Z","end":"2025-08-30T19:41:00.000Z"},"t_avg":34.82183333333333,"h_avg":47.36216666666667,"code":"104","message":"It's too hot","timestamp":"2025-08-30 19:42:00.140000"}
2025-08-30 19:42:30,383 [32mINFO[0m Received command c on object id p0
2025-08-30 19:42:34,411 [32mINFO[0m Spark alert: {"window":{"start":"2025-08-30T19:40:30.000Z","end":"2025-08-30T19:41:30.000Z"},"t_avg":34.763773584905664,"h_avg":48.72971698113208,"code":"101","message":"It's too dry","timestamp":"2025-08-30 19:42:30.139000"}
2025-08-30 19:42:34,411 [32mINFO[0m Spark alert: {"window":{"start":"2025-08-30T19:40:30.000Z","end":"2025-08-30T19:41:30.000Z"},"t_avg":34.763773584905664,"h_avg":48.72971698113208,"code":"102","message":"It's too wet","timestamp":"2025-08-30 19:42:30.139000"}
2025-08-30 19:42:34,411 [32mINFO[0m Spark alert: {"window":{"start":"2025-08-30T19:40:30.000Z","end":"2025-08-30T19:41:30.000Z"},"t_avg":34.763773584905664,"h_avg":48.72971698113208,"code":"103","message":"It's too cold","timestamp":"2025-08-30 19:42:30.139000"}
2025-08-30 19:42:34,411 [32mINFO[0m Spark alert: {"window":{"start":"2025-08-30T19:40:30.000Z","end":"2025-08-30T19:41:30.000Z"},"t_avg":34.763773584905664,"h_avg":48.72971698113208,"code":"104","message":"It's too hot","timestamp":"2025-08-30 19:42:30.139000"}
